{"level":"info","message":"Hello from logger","service":"DEV"}
{"level":"info","message":"Hello from logger","service":"DEV"}
{"level":"info","message":"Hello from logger","service":"DEV"}
{"level":"info","service":"DEV"}
{"level":"info","message":"Hello from logger","service":"DEV"}
{"level":"info","service":"DEV"}
{"level":"info","message":"Hello from logger","service":"DEV"}
{"level":"info","service":"DEV"}
{"level":"info","message":"Hello from logger","service":"DEV"}
{"level":"info","service":"DEV"}
{"level":"info","message":"Hello from logger","service":"DEV"}
{"level":"info","service":"DEV"}
{"level":"info","message":"Hello from logger","service":"DEV"}
{"level":"info","service":"DEV"}
{"level":"info","message":"Hello from logger","service":"DEV"}
{"level":"info","service":"DEV"}
{"level":"info","message":"Hello from logger","service":"DEV"}
{"level":"info","service":"DEV"}
{"level":"info","message":"Hello from logger","service":"DEV"}
{"level":"info","service":"DEV"}
{"level":"info","message":"Hello from logger","service":"DEV"}
{"level":"info","service":"DEV"}
{"level":"info","service":"DEV"}
{"level":"info","service":"DEV"}
{"level":"info","service":"DEV"}
{"level":"info","service":"DEV"}
{"level":"info","service":"DEV"}
{"level":"info","service":"DEV"}
{"level":"info","service":"DEV"}
{"level":"info","message":"Hello from logger","service":"DEV"}
{"level":"info","service":"DEV"}
{"level":"info","service":"DEV"}
{"level":"info","message":"Hello from logger","service":"DEV"}
{"level":"info","service":"DEV"}
{"level":"info","message":"Hello from logger","service":"DEV"}
{"level":"info","service":"DEV"}
{"level":"info","service":"DEV"}
{"level":"info","service":"DEV"}
{"level":"info","service":"DEV"}
{"level":"info","message":"Hello from logger","service":"DEV"}
{"level":"info","service":"DEV"}
{"level":"info","service":"DEV"}
{"level":"info","message":"Hello from logger","service":"DEV"}
{"level":"info","service":"DEV"}
{"level":"info","service":"DEV"}
{"level":"info","service":"DEV"}
{"level":"info","service":"DEV"}
{"level":"info","service":"DEV"}
{"level":"info","service":"DEV"}
{"level":"info","service":"DEV"}
{"level":"info","service":"DEV"}
{"level":"info","service":"DEV"}
{"level":"info","service":"DEV"}
{"level":"info","service":"DEV"}
{"level":"info","service":"DEV"}
{"level":"info","service":"DEV"}
{"level":"info","service":"DEV"}
{"level":"info","service":"DEV"}
{"level":"info","service":"DEV"}
{"level":"info","service":"DEV"}
{"level":"info","service":"DEV"}
{"level":"info","service":"DEV"}
{"level":"info","service":"DEV"}
{"level":"info","service":"DEV"}
{"level":"info","service":"DEV"}
{"level":"info","service":"DEV"}
{"level":"info","service":"DEV"}
{"level":"info","message":"Hello from logger","service":"DEV"}
{"level":"info","service":"DEV"}
{"level":"info","service":"DEV"}
{"level":"info","service":"DEV"}
{"level":"info","service":"DEV"}
{"level":"info","service":"DEV"}
{"level":"info","service":"DEV"}
{"level":"info","service":"DEV"}
{"level":"info","service":"DEV"}
{"level":"info","service":"DEV"}
{"level":"info","service":"DEV"}
{"level":"info","service":"DEV"}
{"level":"info","service":"DEV"}
{"level":"info","service":"DEV"}
{"level":"info","service":"DEV"}
{"level":"info","service":"DEV"}
{"level":"info","service":"DEV"}
{"level":"info","service":"DEV"}
{"level":"info","service":"DEV"}
{"level":"info","service":"DEV"}
{"level":"info","service":"DEV"}
{"level":"info","service":"DEV"}
{"level":"info","service":"DEV"}
{"level":"info","service":"DEV"}
{"level":"info","service":"DEV"}
{"level":"info","service":"DEV"}
{"level":"info","service":"DEV"}
{"level":"info","service":"DEV"}
{"level":"info","service":"DEV"}
{"level":"info","service":"DEV"}
{"level":"info","service":"DEV"}
{"level":"info","service":"DEV"}
{"level":"info","service":"DEV"}
{"level":"info","service":"DEV"}
{"level":"info","service":"DEV"}
{"level":"info","message":"User registered succussfully: ${email}","service":"DEV"}
{"level":"info","service":"DEV"}
{"level":"info","service":"DEV"}
{"level":"info","service":"DEV"}
{"level":"info","message":"Hello from logger","service":"DEV"}
{"level":"info","service":"DEV"}
{"level":"info","service":"DEV"}
{"level":"info","service":"DEV"}
{"level":"info","service":"DEV"}
{"level":"info","message":"::1 - - [02/Jan/2026:07:41:33 +0000] \"POST /api/auth/sign-in HTTP/1.1\" 200 31 \"-\" \"HTTPie\"","service":"DEV"}
{"level":"info","message":"::1 - - [02/Jan/2026:07:42:02 +0000] \"GET /api HTTP/1.1\" 200 28 \"-\" \"HTTPie\"","service":"DEV"}
{"level":"info","message":"::1 - - [02/Jan/2026:07:42:08 +0000] \"GET /health HTTP/1.1\" 200 76 \"-\" \"HTTPie\"","service":"DEV"}
{"level":"info","message":"Hello from logger","service":"DEV"}
{"level":"info","message":"::1 - - [02/Jan/2026:07:42:12 +0000] \"GET / HTTP/1.1\" 200 20 \"-\" \"HTTPie\"","service":"DEV"}
{"level":"info","message":"::1 - - [02/Jan/2026:07:43:07 +0000] \"POST /api/auth/sign-up HTTP/1.1\" 400 92 \"-\" \"HTTPie\"","service":"DEV"}
{"level":"info","message":"User registered succussfully: ${email}","service":"DEV"}
{"level":"info","message":"::1 - - [02/Jan/2026:07:44:27 +0000] \"POST /api/auth/sign-up HTTP/1.1\" 201 88 \"-\" \"HTTPie\"","service":"DEV"}
{"level":"info","message":"User registered succussfully: ${email}","service":"DEV"}
{"level":"info","message":"::1 - - [02/Jan/2026:07:44:59 +0000] \"POST /api/auth/sign-up HTTP/1.1\" 201 91 \"-\" \"HTTPie\"","service":"DEV"}
{"level":"info","message":"User registered succussfully:${email}","service":"DEV"}
{"level":"info","message":"::1 - - [02/Jan/2026:07:49:53 +0000] \"POST /api/auth/sign-up HTTP/1.1\" 201 91 \"-\" \"HTTPie\"","service":"DEV"}
{"level":"info","message":"User registered succussfully: ${email}","service":"DEV"}
{"level":"info","message":"::1 - - [02/Jan/2026:07:50:45 +0000] \"POST /api/auth/sign-up HTTP/1.1\" 201 91 \"-\" \"HTTPie\"","service":"DEV"}
{"level":"info","message":"User registered succussfully: ${email}","service":"DEV"}
{"level":"info","message":"::1 - - [02/Jan/2026:15:38:56 +0000] \"POST /api/auth/sign-up HTTP/1.1\" 201 91 \"-\" \"HTTPie\"","service":"DEV"}
{"level":"info","message":"User registered succussfully: ${email}","service":"DEV"}
{"level":"info","message":"::1 - - [02/Jan/2026:15:39:13 +0000] \"POST /api/auth/sign-up HTTP/1.1\" 201 90 \"-\" \"HTTPie\"","service":"DEV"}
{"level":"info","message":"::1 - - [02/Jan/2026:15:39:25 +0000] \"POST /api/auth/sign-in HTTP/1.1\" 200 31 \"-\" \"HTTPie\"","service":"DEV"}
