{"level":"error","message":"Error creating user: ${error}","service":"DEV"}
{"level":"error","message":"signup error db.select is not a function","service":"DEV","stack":"TypeError: db.select is not a function\n    at createUser (file:///config/Dev/src/services/auth.service.js:18:27)\n    at signup (file:///config/Dev/src/controllers/auth.controller.js:25:23)\n    at Layer.handleRequest (/config/Dev/node_modules/router/lib/layer.js:152:17)\n    at next (/config/Dev/node_modules/router/lib/route.js:157:13)\n    at Route.dispatch (/config/Dev/node_modules/router/lib/route.js:117:3)\n    at handle (/config/Dev/node_modules/router/index.js:435:11)\n    at Layer.handleRequest (/config/Dev/node_modules/router/lib/layer.js:152:17)\n    at /config/Dev/node_modules/router/index.js:295:15\n    at processParams (/config/Dev/node_modules/router/index.js:582:12)\n    at next (/config/Dev/node_modules/router/index.js:291:5)"}
{"level":"error","message":"Error creating user: ${error}","service":"DEV"}
{"level":"error","message":"signup error db.select is not a function","service":"DEV","stack":"TypeError: db.select is not a function\n    at createUser (file:///config/Dev/src/services/auth.service.js:18:27)\n    at signup (file:///config/Dev/src/controllers/auth.controller.js:25:23)\n    at Layer.handleRequest (/config/Dev/node_modules/router/lib/layer.js:152:17)\n    at next (/config/Dev/node_modules/router/lib/route.js:157:13)\n    at Route.dispatch (/config/Dev/node_modules/router/lib/route.js:117:3)\n    at handle (/config/Dev/node_modules/router/index.js:435:11)\n    at Layer.handleRequest (/config/Dev/node_modules/router/lib/layer.js:152:17)\n    at /config/Dev/node_modules/router/index.js:295:15\n    at processParams (/config/Dev/node_modules/router/index.js:582:12)\n    at next (/config/Dev/node_modules/router/index.js:291:5)"}
{"level":"error","message":"Error hashing password: ${error}","service":"DEV"}
{"level":"error","message":"Error creating user: ${error}","service":"DEV"}
{"level":"error","message":"signup error error is not a constructor","service":"DEV","stack":"TypeError: error is not a constructor\n    at hashPassword (file:///config/Dev/src/services/auth.service.js:12:11)\n    at process.processTicksAndRejections (node:internal/process/task_queues:105:5)\n    at async createUser (file:///config/Dev/src/services/auth.service.js:21:27)\n    at async signup (file:///config/Dev/src/controllers/auth.controller.js:25:17)"}
{"level":"error","message":"Error hashing password: ${error}","service":"DEV"}
{"level":"error","message":"Error creating user: ${error}","service":"DEV"}
{"level":"error","message":"signup error Error hashing","service":"DEV","stack":"Error: Error hashing\n    at hashPassword (file:///config/Dev/src/services/auth.service.js:12:11)\n    at process.processTicksAndRejections (node:internal/process/task_queues:105:5)\n    at async createUser (file:///config/Dev/src/services/auth.service.js:21:27)\n    at async signup (file:///config/Dev/src/controllers/auth.controller.js:25:17)"}
{"level":"error","message":"Error hashing password: ${error}","service":"DEV"}
{"level":"error","message":"Error creating user: ${error}","service":"DEV"}
{"level":"error","message":"signup error Error hashing","service":"DEV","stack":"Error: Error hashing\n    at hashPassword (file:///config/Dev/src/services/auth.service.js:12:11)\n    at process.processTicksAndRejections (node:internal/process/task_queues:105:5)\n    at async createUser (file:///config/Dev/src/services/auth.service.js:21:27)\n    at async signup (file:///config/Dev/src/controllers/auth.controller.js:25:17)"}
{"level":"error","message":"Error hashing password: ${error}","service":"DEV"}
{"level":"error","message":"Error creating user: ${error}","service":"DEV"}
{"level":"error","message":"signup error Error hashing","service":"DEV","stack":"Error: Error hashing\n    at hashPassword (file:///config/Dev/src/services/auth.service.js:12:11)\n    at process.processTicksAndRejections (node:internal/process/task_queues:105:5)\n    at async createUser (file:///config/Dev/src/services/auth.service.js:21:27)\n    at async signup (file:///config/Dev/src/controllers/auth.controller.js:25:17)"}
{"level":"error","message":"Error hashing password: ${error}","service":"DEV"}
{"level":"error","message":"Error creating user: ${error}","service":"DEV"}
{"level":"error","message":"signup error Error hashing","service":"DEV","stack":"Error: Error hashing\n    at hashPassword (file:///config/Dev/src/services/auth.service.js:12:11)\n    at process.processTicksAndRejections (node:internal/process/task_queues:105:5)\n    at async createUser (file:///config/Dev/src/services/auth.service.js:21:27)\n    at async signup (file:///config/Dev/src/controllers/auth.controller.js:25:17)"}
{"level":"error","message":"Error hashing password: ${error}Error: data and salt arguments required","service":"DEV"}
{"level":"error","message":"Error creating user: ${error}","service":"DEV"}
{"level":"error","message":"signup error Error hashing","service":"DEV","stack":"Error: Error hashing\n    at hashPassword (file:///config/Dev/src/services/auth.service.js:12:11)\n    at process.processTicksAndRejections (node:internal/process/task_queues:105:5)\n    at async createUser (file:///config/Dev/src/services/auth.service.js:21:27)\n    at async signup (file:///config/Dev/src/controllers/auth.controller.js:25:17)"}
{"level":"error","message":"Error hashing password: ${error}Error: data and salt arguments required","service":"DEV"}
{"level":"error","message":"Error creating user: ${error}","service":"DEV"}
{"level":"error","message":"signup error Error hashing","service":"DEV","stack":"Error: Error hashing\n    at hashPassword (file:///config/Dev/src/services/auth.service.js:12:11)\n    at process.processTicksAndRejections (node:internal/process/task_queues:105:5)\n    at async createUser (file:///config/Dev/src/services/auth.service.js:21:27)\n    at async signup (file:///config/Dev/src/controllers/auth.controller.js:25:17)"}
{"level":"error","message":"Error hashing password: ${e}Error: data and salt arguments required","service":"DEV"}
{"level":"error","message":"Error creating user: ${error}","service":"DEV"}
{"level":"error","message":"signup error Error hashing","service":"DEV","stack":"Error: Error hashing\n    at hashPassword (file:///config/Dev/src/services/auth.service.js:12:11)\n    at process.processTicksAndRejections (node:internal/process/task_queues:105:5)\n    at async createUser (file:///config/Dev/src/services/auth.service.js:21:27)\n    at async signup (file:///config/Dev/src/controllers/auth.controller.js:25:17)"}
{"level":"error","message":"Error hashing password: ${e}Error: data and salt arguments required","service":"DEV"}
{"level":"error","message":"Error creating user: ${error}","service":"DEV"}
{"level":"error","message":"signup error Error hashing","service":"DEV","stack":"Error: Error hashing\n    at hashPassword (file:///config/Dev/src/services/auth.service.js:12:11)\n    at process.processTicksAndRejections (node:internal/process/task_queues:105:5)\n    at async createUser (file:///config/Dev/src/services/auth.service.js:21:27)\n    at async signup (file:///config/Dev/src/controllers/auth.controller.js:25:17)"}
{"level":"error","message":"Error hashing password: ${e}Error: data and salt arguments required","service":"DEV"}
{"level":"error","message":"Error creating user: ${error}","service":"DEV"}
{"level":"error","message":"signup error Error hashing","service":"DEV","stack":"Error: Error hashing\n    at hashPassword (file:///config/Dev/src/services/auth.service.js:12:11)\n    at process.processTicksAndRejections (node:internal/process/task_queues:105:5)\n    at async createUser (file:///config/Dev/src/services/auth.service.js:21:27)\n    at async signup (file:///config/Dev/src/controllers/auth.controller.js:25:17)"}
{"level":"error","message":"Error hashing password: ${e}Error: data and salt arguments required","service":"DEV"}
{"level":"error","message":"Error creating user: ${error}","service":"DEV"}
{"level":"error","message":"signup error Error hashing","service":"DEV","stack":"Error: Error hashing\n    at hashPassword (file:///config/Dev/src/services/auth.service.js:12:11)\n    at process.processTicksAndRejections (node:internal/process/task_queues:105:5)\n    at async createUser (file:///config/Dev/src/services/auth.service.js:21:27)\n    at async signup (file:///config/Dev/src/controllers/auth.controller.js:25:17)"}
{"level":"error","message":"Error hashing password: ${e}Error: data and salt arguments required","service":"DEV"}
{"level":"error","message":"Error creating user: ${error}","service":"DEV"}
{"level":"error","message":"signup error Error hashing","service":"DEV","stack":"Error: Error hashing\n    at hashPassword (file:///config/Dev/src/services/auth.service.js:13:11)\n    at process.processTicksAndRejections (node:internal/process/task_queues:105:5)\n    at async createUser (file:///config/Dev/src/services/auth.service.js:22:27)\n    at async signup (file:///config/Dev/src/controllers/auth.controller.js:25:17)"}
{"level":"error","message":"Error hashing password: ${e}Error: data and salt arguments required","service":"DEV"}
{"level":"error","message":"Error creating user: ${error}","service":"DEV"}
{"level":"error","message":"signup error Error hashing","service":"DEV","stack":"Error: Error hashing\n    at hashPassword (file:///config/Dev/src/services/auth.service.js:13:11)\n    at process.processTicksAndRejections (node:internal/process/task_queues:105:5)\n    at async createUser (file:///config/Dev/src/services/auth.service.js:22:27)\n    at async signup (file:///config/Dev/src/controllers/auth.controller.js:25:17)"}
{"level":"error","message":"Error hashing password: ${e}Error: data and salt arguments required","service":"DEV"}
{"level":"error","message":"Error creating user: ${error}","service":"DEV"}
{"level":"error","message":"signup error Error hashing","service":"DEV","stack":"Error: Error hashing\n    at hashPassword (file:///config/Dev/src/services/auth.service.js:12:11)\n    at process.processTicksAndRejections (node:internal/process/task_queues:105:5)\n    at async createUser (file:///config/Dev/src/services/auth.service.js:21:27)\n    at async signup (file:///config/Dev/src/controllers/auth.controller.js:25:17)"}
{"level":"error","message":"Error hashing password: ${e}Error: data and salt arguments required","service":"DEV"}
{"level":"error","message":"Error creating user: ${error}","service":"DEV"}
{"level":"error","message":"signup error Error hashing","service":"DEV","stack":"Error: Error hashing\n    at hashPassword (file:///config/Dev/src/services/auth.service.js:12:11)\n    at process.processTicksAndRejections (node:internal/process/task_queues:105:5)\n    at async createUser (file:///config/Dev/src/services/auth.service.js:21:27)\n    at async signup (file:///config/Dev/src/controllers/auth.controller.js:25:17)"}
{"level":"error","message":"Error hashing password: ${e}Error: data and salt arguments required","service":"DEV"}
{"level":"error","message":"Error creating user: ${error}","service":"DEV"}
{"level":"error","message":"signup error Error hashing","service":"DEV","stack":"Error: Error hashing\n    at hashPassword (file:///config/Dev/src/services/auth.service.js:12:11)\n    at process.processTicksAndRejections (node:internal/process/task_queues:105:5)\n    at async createUser (file:///config/Dev/src/services/auth.service.js:21:27)\n    at async signup (file:///config/Dev/src/controllers/auth.controller.js:25:17)"}
{"level":"error","message":"signup error res.cookies is not a function","service":"DEV","stack":"TypeError: res.cookies is not a function\n    at Object.set (file:///config/Dev/src/utils/cookies.js:12:9)\n    at signup (file:///config/Dev/src/controllers/auth.controller.js:29:13)\n    at process.processTicksAndRejections (node:internal/process/task_queues:105:5)"}
{"level":"error","message":"Error creating user: ${error}","service":"DEV"}
{"cause":{"code":"23505","constraint":"users_email_unique","detail":"Key (email)=(adfd@adfa.com) already exists.","file":"nbtinsert.c","line":"667","name":"NeonDbError","routine":"_bt_check_unique","schema":"public","severity":"ERROR","table":"users"},"level":"error","message":"signup error Failed query: insert into \"users\" (\"id\", \"name\", \"email\", \"password\", \"role\", \"created_at\", \"updated_at\") values (default, $1, $2, $3, $4, default, default) returning \"id\", \"name\", \"email\", \"role\", \"created_at\"\nparams: khar,adfd@adfa.com,$2b$10$u..nCNxeWD.AT6sUsIIheOm3SeKxZDfdhlendxtmPqoQx5dq8w7tG,user","params":["khar","adfd@adfa.com","$2b$10$u..nCNxeWD.AT6sUsIIheOm3SeKxZDfdhlendxtmPqoQx5dq8w7tG","user"],"query":"insert into \"users\" (\"id\", \"name\", \"email\", \"password\", \"role\", \"created_at\", \"updated_at\") values (default, $1, $2, $3, $4, default, default) returning \"id\", \"name\", \"email\", \"role\", \"created_at\"","service":"DEV","stack":"Error: Failed query: insert into \"users\" (\"id\", \"name\", \"email\", \"password\", \"role\", \"created_at\", \"updated_at\") values (default, $1, $2, $3, $4, default, default) returning \"id\", \"name\", \"email\", \"role\", \"created_at\"\nparams: khar,adfd@adfa.com,$2b$10$u..nCNxeWD.AT6sUsIIheOm3SeKxZDfdhlendxtmPqoQx5dq8w7tG,user\n    at NeonHttpPreparedQuery.queryWithCache (file:///config/Dev/node_modules/drizzle-orm/pg-core/session.js:41:15)\n    at process.processTicksAndRejections (node:internal/process/task_queues:105:5)\n    at async NeonHttpPreparedQuery.execute (file:///config/Dev/node_modules/drizzle-orm/neon-http/session.js:45:20)\n    at async createUser (file:///config/Dev/src/services/auth.service.js:23:23)\n    at async signup (file:///config/Dev/src/controllers/auth.controller.js:25:17)"}
